<?xml version="1.0" encoding="UTF-8"?><testsuite errors="0" failures="3" name="com.studentapp.junit.studentinfo.TagsTest" skipped="0" tests="3" time="15.15" timestamp="2019-01-07 06:57:50"><testcase classname="com.studentapp.junit.studentinfo.TagsTest" name="This test will provide an error code of 400 when user tries to access an invalid resource"><failure message="1 expectation failed.&#10;Expected status code &lt;400&gt; doesn't match actual status code &lt;404&gt;.&#10;" type="java.lang.AssertionError">1 expectation failed.
Expected status code &lt;400&gt; doesn't match actual status code &lt;404&gt;.
</failure><system-err>1 expectation failed.
Expected status code &lt;400&gt; doesn't match actual status code &lt;404&gt;.
&#13;
io.restassured.internal.ResponseSpecificationImpl.validateResponseIfRequired(ResponseSpecificationImpl.groovy:613)&#13;
io.restassured.internal.ResponseSpecificationImpl.statusCode(ResponseSpecificationImpl.groovy:120)&#13;
io.restassured.internal.ResponseSpecificationImpl.statusCode(ResponseSpecificationImpl.groovy:128)&#13;
io.restassured.internal.ValidatableResponseOptionsImpl.statusCode(ValidatableResponseOptionsImpl.java:117)&#13;
com.studentapp.junit.studentinfo.TagsTest.incorrectResource(TagsTest.java:65)&#13;
</system-err></testcase><testcase classname="com.studentapp.junit.studentinfo.TagsTest" name="Provide a 405 status code when incorrect HTTP method is used to access a resource"><failure message="1 expectation failed.&#10;Expected status code &lt;405&gt; doesn't match actual status code &lt;404&gt;.&#10;" type="java.lang.AssertionError">1 expectation failed.
Expected status code &lt;405&gt; doesn't match actual status code &lt;404&gt;.
</failure><system-err>1 expectation failed.
Expected status code &lt;405&gt; doesn't match actual status code &lt;404&gt;.
&#13;
io.restassured.internal.ResponseSpecificationImpl.validateResponseIfRequired(ResponseSpecificationImpl.groovy:613)&#13;
io.restassured.internal.ResponseSpecificationImpl.statusCode(ResponseSpecificationImpl.groovy:120)&#13;
io.restassured.internal.ResponseSpecificationImpl.statusCode(ResponseSpecificationImpl.groovy:128)&#13;
io.restassured.internal.ValidatableResponseOptionsImpl.statusCode(ValidatableResponseOptionsImpl.java:117)&#13;
com.studentapp.junit.studentinfo.TagsTest.inValidMethod(TagsTest.java:27)&#13;
</system-err></testcase><testcase classname="com.studentapp.junit.studentinfo.TagsTest" name="This test will verify if a status code of 200 is returned for GET request"><failure message="1 expectation failed.&#10;Expected status code &lt;200&gt; doesn't match actual status code &lt;404&gt;.&#10;" type="java.lang.AssertionError">1 expectation failed.
Expected status code &lt;200&gt; doesn't match actual status code &lt;404&gt;.
</failure><system-err>1 expectation failed.
Expected status code &lt;200&gt; doesn't match actual status code &lt;404&gt;.
&#13;
io.restassured.internal.ResponseSpecificationImpl.validateResponseIfRequired(ResponseSpecificationImpl.groovy:613)&#13;
io.restassured.internal.ResponseSpecificationImpl.statusCode(ResponseSpecificationImpl.groovy:120)&#13;
io.restassured.internal.ResponseSpecificationImpl.statusCode(ResponseSpecificationImpl.groovy:128)&#13;
io.restassured.internal.ValidatableResponseOptionsImpl.statusCode(ValidatableResponseOptionsImpl.java:117)&#13;
com.studentapp.junit.studentinfo.TagsTest.verifyIftheStatusCodeIs200(TagsTest.java:46)&#13;
</system-err></testcase></testsuite>